# JRE version: Java(TM) SE Runtime Environment (8.0_51-b16) (build 1.8.0_51-b16)
# Java VM: Java HotSpot(TM) 64-Bit Server VM (25.51-b03 mixed mode windows-amd64 compressed oops)
Heap:
 par new generation   total 118016K, used 96519K [0x00000000c0000000, 0x00000000c8000000, 0x00000000c8000000)
  eden space 104960K,  91% used [0x00000000c0000000, 0x00000000c5dc1d60, 0x00000000c6680000)
  from space 13056K,   3% used [0x00000000c7340000, 0x00000000c73c01c8, 0x00000000c8000000)
  to   space 13056K,   0% used [0x00000000c6680000, 0x00000000c6680000, 0x00000000c7340000)
 concurrent mark-sweep generation total 446964K, used 330405K [0x00000000c8000000, 0x00000000e347d000, 0x0000000100000000)
 Metaspace       used 77427K, capacity 77953K, committed 78740K, reserved 1116160K
  class space    used 11561K, capacity 11712K, committed 11724K, reserved 1048576K
GC Heap History (10 events):
Event: 39.345 GC heap before
{Heap before GC invocations=116 (full 18):
 par new generation   total 118016K, used 118016K [0x00000000c0000000, 0x00000000c8000000, 0x00000000c8000000)
  eden space 104960K, 100% used [0x00000000c0000000, 0x00000000c6680000, 0x00000000c6680000)
  from space 13056K, 100% used [0x00000000c6680000, 0x00000000c7340000, 0x00000000c7340000)
  to   space 13056K,   0% used [0x00000000c7340000, 0x00000000c7340000, 0x00000000c8000000)
 concurrent mark-sweep generation total 446964K, used 319549K [0x00000000c8000000, 0x00000000e347d000, 0x0000000100000000)
 Metaspace       used 77424K, capacity 77953K, committed 78740K, reserved 1116160K
  class space    used 11561K, capacity 11712K, committed 11724K, reserved 1048576K
Event: 39.356 GC heap after
Heap after GC invocations=117 (full 18):
 par new generation   total 118016K, used 6135K [0x00000000c0000000, 0x00000000c8000000, 0x00000000c8000000)
  eden space 104960K,   0% used [0x00000000c0000000, 0x00000000c0000000, 0x00000000c6680000)
  from space 13056K,  46% used [0x00000000c7340000, 0x00000000c793dcb8, 0x00000000c8000000)
  to   space 13056K,   0% used [0x00000000c6680000, 0x00000000c6680000, 0x00000000c7340000)
 concurrent mark-sweep generation total 446964K, used 326270K [0x00000000c8000000, 0x00000000e347d000, 0x0000000100000000)
 Metaspace       used 77424K, capacity 77953K, committed 78740K, reserved 1116160K
  class space    used 11561K, capacity 11712K, committed 11724K, reserved 1048576K
}
Event: 39.572 GC heap before
{Heap before GC invocations=117 (full 18):
 par new generation   total 118016K, used 111095K [0x00000000c0000000, 0x00000000c8000000, 0x00000000c8000000)
  eden space 104960K, 100% used [0x00000000c0000000, 0x00000000c6680000, 0x00000000c6680000)
  from space 13056K,  46% used [0x00000000c7340000, 0x00000000c793dcb8, 0x00000000c8000000)
  to   space 13056K,   0% used [0x00000000c6680000, 0x00000000c6680000, 0x00000000c7340000)
 concurrent mark-sweep generation total 446964K, used 326270K [0x00000000c8000000, 0x00000000e347d000, 0x0000000100000000)
 Metaspace       used 77425K, capacity 77953K, committed 78740K, reserved 1116160K
  class space    used 11561K, capacity 11712K, committed 11724K, reserved 1048576K
Event: 39.579 GC heap after
Heap after GC invocations=118 (full 18):
 par new generation   total 118016K, used 11024K [0x00000000c0000000, 0x00000000c8000000, 0x00000000c8000000)
  eden space 104960K,   0% used [0x00000000c0000000, 0x00000000c0000000, 0x00000000c6680000)
  from space 13056K,  84% used [0x00000000c6680000, 0x00000000c7144110, 0x00000000c7340000)
  to   space 13056K,   0% used [0x00000000c7340000, 0x00000000c7340000, 0x00000000c8000000)
 concurrent mark-sweep generation total 446964K, used 326270K [0x00000000c8000000, 0x00000000e347d000, 0x0000000100000000)
 Metaspace       used 77425K, capacity 77953K, committed 78740K, reserved 1116160K
  class space    used 11561K, capacity 11712K, committed 11724K, reserved 1048576K
}
Event: 39.746 GC heap before
{Heap before GC invocations=118 (full 18):
 par new generation   total 118016K, used 105537K [0x00000000c0000000, 0x00000000c8000000, 0x00000000c8000000)
  eden space 104960K,  90% used [0x00000000c0000000, 0x00000000c5c4c628, 0x00000000c6680000)
  from space 13056K,  84% used [0x00000000c6680000, 0x00000000c7144110, 0x00000000c7340000)
  to   space 13056K,   0% used [0x00000000c7340000, 0x00000000c7340000, 0x00000000c8000000)
 concurrent mark-sweep generation total 446964K, used 326270K [0x00000000c8000000, 0x00000000e347d000, 0x0000000100000000)
 Metaspace       used 77425K, capacity 77953K, committed 78740K, reserved 1116160K
  class space    used 11561K, capacity 11712K, committed 11724K, reserved 1048576K
Event: 39.754 GC heap after
Heap after GC invocations=119 (full 18):
 par new generation   total 118016K, used 6437K [0x00000000c0000000, 0x00000000c8000000, 0x00000000c8000000)
  eden space 104960K,   0% used [0x00000000c0000000, 0x00000000c0000000, 0x00000000c6680000)
  from space 13056K,  49% used [0x00000000c7340000, 0x00000000c7989630, 0x00000000c8000000)
  to   space 13056K,   0% used [0x00000000c6680000, 0x00000000c6680000, 0x00000000c7340000)
 concurrent mark-sweep generation total 446964K, used 330405K [0x00000000c8000000, 0x00000000e347d000, 0x0000000100000000)
 Metaspace       used 77425K, capacity 77953K, committed 78740K, reserved 1116160K
  class space    used 11561K, capacity 11712K, committed 11724K, reserved 1048576K
}
Event: 39.768 GC heap before
{Heap before GC invocations=119 (full 18):
 par new generation   total 118016K, used 106823K [0x00000000c0000000, 0x00000000c8000000, 0x00000000c8000000)
  eden space 104960K,  95% used [0x00000000c0000000, 0x00000000c6208620, 0x00000000c6680000)
  from space 13056K,  49% used [0x00000000c7340000, 0x00000000c7989630, 0x00000000c8000000)
  to   space 13056K,   0% used [0x00000000c6680000, 0x00000000c6680000, 0x00000000c7340000)
 concurrent mark-sweep generation total 446964K, used 330405K [0x00000000c8000000, 0x00000000e347d000, 0x0000000100000000)
 Metaspace       used 77425K, capacity 77953K, committed 78740K, reserved 1116160K
  class space    used 11561K, capacity 11712K, committed 11724K, reserved 1048576K
Event: 39.771 GC heap after
Heap after GC invocations=120 (full 18):
 par new generation   total 118016K, used 1703K [0x00000000c0000000, 0x00000000c8000000, 0x00000000c8000000)
  eden space 104960K,   0% used [0x00000000c0000000, 0x00000000c0000000, 0x00000000c6680000)
  from space 13056K,  13% used [0x00000000c6680000, 0x00000000c6829f38, 0x00000000c7340000)
  to   space 13056K,   0% used [0x00000000c7340000, 0x00000000c7340000, 0x00000000c8000000)
 concurrent mark-sweep generation total 446964K, used 330405K [0x00000000c8000000, 0x00000000e347d000, 0x0000000100000000)
 Metaspace       used 77425K, capacity 77953K, committed 78740K, reserved 1116160K
  class space    used 11561K, capacity 11712K, committed 11724K, reserved 1048576K
}
Event: 39.787 GC heap before
{Heap before GC invocations=120 (full 18):
 par new generation   total 118016K, used 102096K [0x00000000c0000000, 0x00000000c8000000, 0x00000000c8000000)
  eden space 104960K,  95% used [0x00000000c0000000, 0x00000000c620a150, 0x00000000c6680000)
  from space 13056K,  13% used [0x00000000c6680000, 0x00000000c6829f38, 0x00000000c7340000)
  to   space 13056K,   0% used [0x00000000c7340000, 0x00000000c7340000, 0x00000000c8000000)
 concurrent mark-sweep generation total 446964K, used 330405K [0x00000000c8000000, 0x00000000e347d000, 0x0000000100000000)
 Metaspace       used 77425K, capacity 77953K, committed 78740K, reserved 1116160K
  class space    used 11561K, capacity 11712K, committed 11724K, reserved 1048576K
Event: 39.789 GC heap after
Heap after GC invocations=121 (full 18):
 par new generation   total 118016K, used 512K [0x00000000c0000000, 0x00000000c8000000, 0x00000000c8000000)
  eden space 104960K,   0% used [0x00000000c0000000, 0x00000000c0000000, 0x00000000c6680000)
  from space 13056K,   3% used [0x00000000c7340000, 0x00000000c73c01c8, 0x00000000c8000000)
  to   space 13056K,   0% used [0x00000000c6680000, 0x00000000c6680000, 0x00000000c7340000)
 concurrent mark-sweep generation total 446964K, used 330405K [0x00000000c8000000, 0x00000000e347d000, 0x0000000100000000)
 Metaspace       used 77425K, capacity 77953K, committed 78740K, reserved 1116160K
  class space    used 11561K, capacity 11712K, committed 11724K, reserved 1048576K
}

